<?xml version="1.0" encoding="UTF-8"?>
<!-- Generated by org.testng.reporters.JUnitReportReporter -->
<testsuite hostname="LAPTOP-LD98MK4F" failures="0" tests="2" name="org.Testcase.AutomationExercises.AutomationTestCase3" time="36.813" errors="0" timestamp="2023-06-20T22:23:13 IST" skipped="0">
  <testcase classname="org.Testcase.AutomationExercises.AutomationTestCase3" name="scenarioDemo" time="11.478"/>
  <system-out/>
  <testcase classname="org.Testcase.AutomationExercises.AutomationTestCase3" name="scenarioDemo" time="25.335"/>
  <system-out/>
</testsuite> <!-- org.Testcase.AutomationExercises.AutomationTestCase3 -->
